<?xml version="1.0" encoding="utf-8" standalone="no"?>
<!--This file represents the results of running a test suite-->
<test-results name="C:\Users\walee_000\Desktop\UnitTesting\UnitTesting\bin\Debug\UnitTesting.exe" total="5" errors="0" failures="0" not-run="0" inconclusive="0" ignored="0" skipped="0" invalid="0" date="2014-02-02" time="22:41:42">
  <environment nunit-version="2.6.3.13283" clr-version="2.0.50727.6407" os-version="Microsoft Windows NT 6.2.9200.0" platform="Win32NT" cwd="C:\Program Files (x86)\NUnit 2.6.3\bin" machine-name="WALEED-PC" user="walee_000" user-domain="WALEED-PC" />
  <culture-info current-culture="en-US" current-uiculture="en-US" />
  <test-suite type="Assembly" name="C:\Users\walee_000\Desktop\UnitTesting\UnitTesting\bin\Debug\UnitTesting.exe" executed="True" result="Success" success="True" time="0.692" asserts="0">
    <results>
      <test-suite type="Namespace" name="UnitTesting" executed="True" result="Success" success="True" time="0.672" asserts="0">
        <results>
          <test-suite type="TestFixture" name="TestClass" executed="True" result="Success" success="True" time="0.669" asserts="0">
            <results>
              <test-suite type="ParameterizedTest" name="FareCalculationTest1" executed="True" result="Success" success="True" time="0.046" asserts="0">
                <results>
                  <test-case name="UnitTesting.TestClass.FareCalculationTest1()" executed="True" result="Success" success="True" time="0.039" asserts="1" />
                </results>
              </test-suite>
              <test-suite type="ParameterizedTest" name="FareCalculationTest2" executed="True" result="Success" success="True" time="0.001" asserts="0">
                <results>
                  <test-case name="UnitTesting.TestClass.FareCalculationTest2()" executed="True" result="Success" success="True" time="0.000" asserts="1" />
                </results>
              </test-suite>
              <test-suite type="ParameterizedTest" name="TestCase1" executed="True" result="Success" success="True" time="0.581" asserts="0">
                <results>
                  <test-case name="UnitTesting.TestClass.TestCase1()" executed="True" result="Success" success="True" time="0.580" asserts="1" />
                </results>
              </test-suite>
              <test-suite type="ParameterizedTest" name="TestCase2" executed="True" result="Success" success="True" time="0.012" asserts="0">
                <results>
                  <test-case name="UnitTesting.TestClass.TestCase2()" executed="True" result="Success" success="True" time="0.011" asserts="1" />
                </results>
              </test-suite>
              <test-suite type="ParameterizedTest" name="TestCase3" executed="True" result="Success" success="True" time="0.005" asserts="0">
                <results>
                  <test-case name="UnitTesting.TestClass.TestCase3()" executed="True" result="Success" success="True" time="0.004" asserts="1" />
                </results>
              </test-suite>
            </results>
          </test-suite>
        </results>
      </test-suite>
    </results>
  </test-suite>
</test-results>