<?xml version="1.0" encoding="utf-8" standalone="no"?>
<!--This file represents the results of running a test suite-->
<test-results name="C:\Users\Raza\Desktop\110012_SQA-Assignment+1\110012_SQA-Assignment+1\bin\Debug\110012_SQA-Assignment+1.exe" total="3" errors="0" failures="0" not-run="0" inconclusive="0" ignored="0" skipped="0" invalid="0" date="2014-02-03" time="18:48:51">
  <environment nunit-version="2.6.3.13283" clr-version="2.0.50727.7905" os-version="Microsoft Windows NT 6.2.9200.0" platform="Win32NT" cwd="C:\Program Files (x86)\Microsoft Visual Studio 12.0\NUnit-2.6.3\bin" machine-name="RAZA_CHOHAN" user="Raza" user-domain="RAZA_CHOHAN" />
  <culture-info current-culture="en-US" current-uiculture="en-US" />
  <test-suite type="Assembly" name="C:\Users\Raza\Desktop\110012_SQA-Assignment+1\110012_SQA-Assignment+1\bin\Debug\110012_SQA-Assignment+1.exe" executed="True" result="Success" success="True" time="6.819" asserts="0">
    <results>
      <test-suite type="Namespace" name="_110012_SQA_Assignment_1" executed="True" result="Success" success="True" time="6.800" asserts="0">
        <results>
          <test-suite type="TestFixture" name="TestClass" executed="True" result="Success" success="True" time="6.798" asserts="0">
            <results>
              <test-suite type="ParameterizedTest" name="IsbCoordinatesCodeTest" executed="True" result="Success" success="True" time="2.510" asserts="0">
                <results>
                  <test-case name="_110012_SQA_Assignment_1.TestClass.IsbCoordinatesCodeTest()" executed="True" result="Success" success="True" time="2.503" asserts="1" />
                </results>
              </test-suite>
              <test-suite type="ParameterizedTest" name="KarachiCoordinatesTest" executed="True" result="Success" success="True" time="0.984" asserts="0">
                <results>
                  <test-case name="_110012_SQA_Assignment_1.TestClass.KarachiCoordinatesTest()" executed="True" result="Success" success="True" time="0.983" asserts="1" />
                </results>
              </test-suite>
              <test-suite type="ParameterizedTest" name="LhrCoordinatesCodeTest" executed="True" result="Success" success="True" time="3.281" asserts="0">
                <results>
                  <test-case name="_110012_SQA_Assignment_1.TestClass.LhrCoordinatesCodeTest()" executed="True" result="Success" success="True" time="3.281" asserts="1" />
                </results>
              </test-suite>
            </results>
          </test-suite>
        </results>
      </test-suite>
    </results>
  </test-suite>
</test-results>